<?xml version="1.0" encoding="UTF-8"?>
<testsuites><testsuite name="BackstopJS" tests="9"><testcase name=" ›› index page" classname=".property-summary"/><testcase name=" ›› index page" classname=".contact-form-bottom"/><testcase name=" ›› index page" classname=".contact-form-top"/><testcase name=" ›› right lead form with click 'Visit Privacy Policy'" classname=".contact-form-top"/><testcase name=" ›› buttom lead form with click 'Visit Privacy Policy'" classname=".contact-form-bottom"/><testcase name=" ›› media gallery" classname=".image-title"/><testcase name=" ›› property feature" classname="#listing-features .container"/><testcase name=" ›› right lead module validation" classname=".right-contact-agent .contact-form-top"/><testcase name=" ›› SRP area specialist" classname=".specialists-container"/></testsuite></testsuites>