<?xml version="1.0" encoding="UTF-8"?>
<testsuites><testsuite name="BackstopJS" tests="11"><testcase name=" ›› index page" classname="ol"/><testcase name=" ›› index page" classname=".property-summary"/><testcase name=" ›› index page" classname=".contact-form-bottom"/><testcase name=" ›› index page" classname=".contact-form-top"/><testcase name=" ›› media gallery" classname=".image-title"/><testcase name=" ›› property feature" classname="#listing-features .container"/><testcase name=" ›› right lead module validation" classname=".right-contact-agent .contact-form-top"/><testcase name=" ›› download pdf pop-up" classname=".ant-modal-content"/><testcase name=" ›› SRP area specialist" classname="aside .specialists-container"/><testcase name=" ›› SRP area specialist" classname="aside .specialists-container.__n1"/><testcase name=" ›› SRP area specialist pop-up" classname=".ant-modal-content"/></testsuite></testsuites>